2025-11-18 20:06:44.538 | WARNING  | app.main:<module>:1255 - app.api.trade_router not found, using inline routes
2025-11-18 20:06:44.538 | WARNING  | app.main:<module>:1258 - app.auth.auth_router not found, using inline routes
2025-11-18 20:06:44.538 | WARNING  | app.main:<module>:1261 - app.wallet.wallet_router not found, using inline routes
2025-11-18 20:06:44.538 | WARNING  | app.main:<module>:1264 - app.market.market_router not found, using inline routes
2025-11-18 20:06:44.538 | WARNING  | app.main:<module>:1267 - app.admin.admin_router not found, using inline routes
2025-11-18 20:06:44.538 | WARNING  | app.main:<module>:1270 - app.public.public_router not found, using inline routes
2025-11-18 20:06:44.547 | INFO     | app.main:startup_event:1459 - ================================================================================
2025-11-18 20:06:44.547 | INFO     | app.main:startup_event:1460 -  Blockflow Exchange v3.5.1 Starting...
2025-11-18 20:06:44.547 | INFO     | app.main:startup_event:1461 - Environment: production
2025-11-18 20:06:44.547 | INFO     | app.main:startup_event:1462 - Demo Mode: ENABLED 
2025-11-18 20:06:44.547 | INFO     | app.main:startup_event:1463 - Database: dpg-d4afm1ili9vc73fh9o5g-a.oregon-postgres.render.com/blockflowv2_db?sslmode=require
2025-11-18 20:06:44.547 | INFO     | app.main:startup_event:1464 - ================================================================================
2025-11-18 20:06:49.653 | INFO     | app.main:startup_event:1470 -  Database connection successful
2025-11-18 20:06:49.653 | INFO     | app.main:startup_event:1479 -  Demo market price simulator started
2025-11-18 20:06:49.654 | INFO     | app.main:startup_event:1483 -  Futures price feed started
2025-11-18 20:06:49.654 | INFO     | app.main:startup_event:1505 -  Futures engine linked with price feed
2025-11-18 20:06:49.654 | INFO     | app.main:startup_event:1507 -  Blockflow Exchange ready
2025-11-18 20:06:54.167 | INFO     | app.main:log_request_timing:1351 - REQUEST GET /docs completed in 0.0ms
2025-11-18 20:06:54.479 | INFO     | app.main:log_request_timing:1351 - REQUEST GET /openapi.json completed in 9.41ms
2025-11-18 20:07:43.847 | INFO     | app.main:shutdown_event:1514 -  Blockflow Exchange shutting down...
