2025-11-18 19:39:57.885 | WARNING  | app.main:<module>:1245 - app.api.trade_router not found, using inline routes
2025-11-18 19:39:57.885 | WARNING  | app.main:<module>:1248 - app.auth.auth_router not found, using inline routes
2025-11-18 19:39:57.886 | WARNING  | app.main:<module>:1251 - app.wallet.wallet_router not found, using inline routes
2025-11-18 19:39:57.886 | WARNING  | app.main:<module>:1254 - app.market.market_router not found, using inline routes
2025-11-18 19:39:57.886 | WARNING  | app.main:<module>:1257 - app.admin.admin_router not found, using inline routes
2025-11-18 19:39:57.886 | WARNING  | app.main:<module>:1260 - app.public.public_router not found, using inline routes
2025-11-18 19:39:57.898 | INFO     | app.main:startup_event:1449 - ================================================================================
2025-11-18 19:39:57.898 | INFO     | app.main:startup_event:1450 -  Blockflow Exchange v3.5.1 Starting...
2025-11-18 19:39:57.898 | INFO     | app.main:startup_event:1451 - Environment: production
2025-11-18 19:39:57.898 | INFO     | app.main:startup_event:1452 - Demo Mode: ENABLED 
2025-11-18 19:39:57.899 | INFO     | app.main:startup_event:1453 - Database: dpg-d4afm1ili9vc73fh9o5g-a.oregon-postgres.render.com/blockflowv2_db?sslmode=require
2025-11-18 19:39:57.899 | INFO     | app.main:startup_event:1454 - ================================================================================
2025-11-18 19:40:02.919 | INFO     | app.main:startup_event:1460 -  Database connection successful
2025-11-18 19:40:02.919 | INFO     | app.main:startup_event:1469 -  Demo market price simulator started
2025-11-18 19:40:02.919 | INFO     | app.main:startup_event:1473 -  Futures price feed started
2025-11-18 19:40:02.919 | INFO     | app.main:startup_event:1495 -  Futures engine linked with price feed
2025-11-18 19:40:02.919 | INFO     | app.main:startup_event:1497 -  Blockflow Exchange ready
2025-11-18 19:42:49.724 | INFO     | app.main:log_request_timing:1341 - REQUEST GET /api/auth/register completed in 1.0ms
2025-11-18 19:42:50.098 | INFO     | app.main:log_request_timing:1341 - REQUEST GET /favicon.ico completed in 1.0ms
2025-11-18 19:43:11.045 | INFO     | app.main:log_request_timing:1341 - REQUEST GET /docs completed in 0.0ms
2025-11-18 19:43:11.129 | INFO     | app.main:log_request_timing:1341 - REQUEST GET /openapi.json completed in 6.0ms
2025-11-18 19:44:14.312 | ERROR    | app.main:register:1603 - REGISTER ERROR: (psycopg2.errors.UndefinedTable) relation "users" does not exist
LINE 2: FROM users 
             ^

[SQL: SELECT users.id AS users_id, users.username AS users_username, users.email AS users_email, users.password_hash AS users_password_hash, users.role AS users_role, users.kyc_status AS users_kyc_status, users.balance_inr AS users_balance_inr, users.locked_inr AS users_locked_inr, users.balance_usdt AS users_balance_usdt, users.locked_usdt AS users_locked_usdt, users.balance_btc AS users_balance_btc, users.locked_btc AS users_locked_btc, users.balance_eth AS users_balance_eth, users.locked_eth AS users_locked_eth, users.created_at AS users_created_at, users.is_active AS users_is_active, users.is_demo AS users_is_demo 
FROM users 
WHERE users.email = %(email_1)s OR users.username = %(username_1)s 
 LIMIT %(param_1)s]
[parameters: {'email_1': 't1@gmail.com', 'username_1': 'test1', 'param_1': 1}]
(Background on this error at: https://sqlalche.me/e/20/f405)
2025-11-18 19:44:14.585 | INFO     | app.main:log_request_timing:1341 - REQUEST POST /api/auth/register completed in 1105.35ms
2025-11-18 19:45:41.836 | INFO     | app.main:shutdown_event:1504 -  Blockflow Exchange shutting down...
