2025-11-18 20:09:58.912 | WARNING  | app.main:<module>:1255 - app.api.trade_router not found, using inline routes
2025-11-18 20:09:58.912 | WARNING  | app.main:<module>:1258 - app.auth.auth_router not found, using inline routes
2025-11-18 20:09:58.912 | WARNING  | app.main:<module>:1261 - app.wallet.wallet_router not found, using inline routes
2025-11-18 20:09:58.912 | WARNING  | app.main:<module>:1264 - app.market.market_router not found, using inline routes
2025-11-18 20:09:58.913 | WARNING  | app.main:<module>:1267 - app.admin.admin_router not found, using inline routes
2025-11-18 20:09:58.913 | WARNING  | app.main:<module>:1270 - app.public.public_router not found, using inline routes
2025-11-18 20:09:58.921 | INFO     | app.main:startup_event:1459 - ================================================================================
2025-11-18 20:09:58.921 | INFO     | app.main:startup_event:1460 -  Blockflow Exchange v3.5.1 Starting...
2025-11-18 20:09:58.921 | INFO     | app.main:startup_event:1461 - Environment: production
2025-11-18 20:09:58.921 | INFO     | app.main:startup_event:1462 - Demo Mode: ENABLED 
2025-11-18 20:09:58.921 | INFO     | app.main:startup_event:1463 - Database: dpg-d4afm1ili9vc73fh9o5g-a.oregon-postgres.render.com/blockflowv2_db?sslmode=require
2025-11-18 20:09:58.921 | INFO     | app.main:startup_event:1464 - ================================================================================
2025-11-18 20:10:03.628 | INFO     | app.main:startup_event:1470 -  Database connection successful
2025-11-18 20:10:03.628 | INFO     | app.main:startup_event:1479 -  Demo market price simulator started
2025-11-18 20:10:03.628 | INFO     | app.main:startup_event:1483 -  Futures price feed started
2025-11-18 20:10:03.628 | INFO     | app.main:startup_event:1505 -  Futures engine linked with price feed
2025-11-18 20:10:03.628 | INFO     | app.main:startup_event:1507 -  Blockflow Exchange ready
2025-11-18 20:10:04.625 | ERROR    | app.main:register:1613 - REGISTER ERROR: (psycopg2.errors.UndefinedTable) relation "users" does not exist
LINE 2: FROM users 
             ^

[SQL: SELECT users.id AS users_id, users.username AS users_username, users.email AS users_email, users.password_hash AS users_password_hash, users.role AS users_role, users.kyc_status AS users_kyc_status, users.balance_inr AS users_balance_inr, users.locked_inr AS users_locked_inr, users.balance_usdt AS users_balance_usdt, users.locked_usdt AS users_locked_usdt, users.balance_btc AS users_balance_btc, users.locked_btc AS users_locked_btc, users.balance_eth AS users_balance_eth, users.locked_eth AS users_locked_eth, users.created_at AS users_created_at, users.is_active AS users_is_active, users.is_demo AS users_is_demo 
FROM users 
WHERE users.email = %(email_1)s OR users.username = %(username_1)s 
 LIMIT %(param_1)s]
[parameters: {'email_1': 'test@test.com', 'username_1': 'testuser', 'param_1': 1}]
(Background on this error at: https://sqlalche.me/e/20/f405)
2025-11-18 20:10:04.892 | INFO     | app.main:log_request_timing:1351 - REQUEST POST /api/auth/register completed in 1068.69ms
2025-11-18 20:11:21.972 | INFO     | app.main:shutdown_event:1514 -  Blockflow Exchange shutting down...
